info it worked if it ends with ok
verbose cli [ 'node',
verbose cli   '/usr/local/bin/npm',
verbose cli   'install',
verbose cli   '-g',
verbose cli   'node-css-compressor' ]
info using npm@1.0.101
info using node@v0.5.10-pre
verbose config file /home/michael/.npmrc
verbose config file /usr/local/etc/npmrc
verbose config file /usr/local/lib/node_modules/npm/npmrc
silly exec /usr/local/bin/node "/usr/local/lib/node_modules/npm/bin/npm-get-uid-gid.js" "nobody" 1000
silly spawning [ '/usr/local/bin/node',
silly spawning   [ '/usr/local/lib/node_modules/npm/bin/npm-get-uid-gid.js',
silly spawning     'nobody',
silly spawning     1000 ],
silly spawning   null ]
silly output from getuid/gid {"uid":65534,"gid":1000}
silly output from getuid/gid 
verbose into /usr/local/lib [ 'node-css-compressor' ]
verbose cache add node-css-compressor
verbose cache add [ 'node-css-compressor', null ]
silly cache add: name, spec, args [ undefined,
silly cache add: name, spec, args   'node-css-compressor',
silly cache add: name, spec, args   [ 'node-css-compressor', null ] ]
verbose parsed url { pathname: 'node-css-compressor', href: 'node-css-compressor' }
info addNamed [ 'node-css-compressor', '' ]
verbose addNamed [ null, '' ]
verbose GET node-css-compressor
verbose raw, before any munging node-css-compressor
verbose url resolving [ 'https://registry.npmjs.org/', './node-css-compressor' ]
verbose url resolved https://registry.npmjs.org/node-css-compressor
silly get cb [ 404,
silly get cb   { server: 'CouchDB/1.1.1 (Erlang OTP/R14B04)',
silly get cb     date: 'Wed, 26 Oct 2011 13:51:39 GMT',
silly get cb     'content-type': 'application/json',
silly get cb     'content-length': '52',
silly get cb     'cache-control': 'must-revalidate' } ]
ERR! 404 'node-css-compressor' is not in the npm registry.
ERR! 404 You could maybe bug the author to publish it
ERR! 404 Maybe try 'npm search css compressor'
ERR! 404 Note that you can also install from a tarball or folder.
ERR! 
ERR! System Linux 3.0.0-12-generic
ERR! command "node" "/usr/local/bin/npm" "install" "-g" "node-css-compressor"
ERR! cwd /media/c3668905-fcc3-4eb7-8a87-dea8b2c4e133/michael/www/nodejs/cweb
ERR! node -v v0.5.10-pre
ERR! npm -v 1.0.101
ERR! code E404
verbose exit [ 1, true ]
